Info: *******************************************************************
Info: Running Quartus Prime Analysis & Synthesis
    Info: Version 21.1.1 Build 850 06/23/2022 SJ Standard Edition
    Info: Copyright (C) 2022  Intel Corporation. All rights reserved.
    Info: Your use of Intel Corporation's design tools, logic functions 
    Info: and other software and tools, and any partner logic 
    Info: functions, and any output files from any of the foregoing 
    Info: (including device programming or simulation files), and any 
    Info: associated documentation or information are expressly subject 
    Info: to the terms and conditions of the Intel Program License 
    Info: Subscription Agreement, the Intel Quartus Prime License Agreement,
    Info: the Intel FPGA IP License Agreement, or other applicable license
    Info: agreement, including, without limitation, that your use is for
    Info: the sole purpose of programming logic devices manufactured by
    Info: Intel and sold by Intel or its authorized distributors.  Please
    Info: refer to the applicable agreement for further details, at
    Info: https://fpgasoftware.intel.com/eula.
    Info: Processing started: Fri Dec  9 17:55:26 2022
Info: Command: quartus_map --read_settings_files=on --write_settings_files=off toolflow -c toolflow
Warning (18236): Number of processors has not been specified which may cause overloading on shared machines.  Set the global assignment NUM_PARALLEL_PROCESSORS in your QSF to an appropriate value for best performance.
Info (20030): Parallel compilation is enabled and will use 4 of the 4 processors detected
Info (12021): Found 2 design units, including 1 entities, in source file /home/vsadvani/CprE381/Project 2/cpre381-toolflow_hw/proj/src/EX_MEM_reg.vhd
    Info (12022): Found design unit 1: EX_MEM_reg-structural File: /home/vsadvani/CprE381/Project 2/cpre381-toolflow_hw/proj/src/EX_MEM_reg.vhd Line: 64
    Info (12023): Found entity 1: EX_MEM_reg File: /home/vsadvani/CprE381/Project 2/cpre381-toolflow_hw/proj/src/EX_MEM_reg.vhd Line: 19
Info (12021): Found 2 design units, including 1 entities, in source file /home/vsadvani/CprE381/Project 2/cpre381-toolflow_hw/proj/src/ID_EX_reg.vhd
    Info (12022): Found design unit 1: ID_EX_reg-structural File: /home/vsadvani/CprE381/Project 2/cpre381-toolflow_hw/proj/src/ID_EX_reg.vhd Line: 45
    Info (12023): Found entity 1: ID_EX_reg File: /home/vsadvani/CprE381/Project 2/cpre381-toolflow_hw/proj/src/ID_EX_reg.vhd Line: 19
Info (12021): Found 2 design units, including 1 entities, in source file /home/vsadvani/CprE381/Project 2/cpre381-toolflow_hw/proj/src/IF_ID_reg.vhd
    Info (12022): Found design unit 1: IF_ID_reg-structural File: /home/vsadvani/CprE381/Project 2/cpre381-toolflow_hw/proj/src/IF_ID_reg.vhd Line: 29
    Info (12023): Found entity 1: IF_ID_reg File: /home/vsadvani/CprE381/Project 2/cpre381-toolflow_hw/proj/src/IF_ID_reg.vhd Line: 19
Info (12021): Found 2 design units, including 1 entities, in source file /home/vsadvani/CprE381/Project 2/cpre381-toolflow_hw/proj/src/MEM_WB_reg.vhd
    Info (12022): Found design unit 1: MEM_WB_reg-structural File: /home/vsadvani/CprE381/Project 2/cpre381-toolflow_hw/proj/src/MEM_WB_reg.vhd Line: 60
    Info (12023): Found entity 1: MEM_WB_reg File: /home/vsadvani/CprE381/Project 2/cpre381-toolflow_hw/proj/src/MEM_WB_reg.vhd Line: 19
Info (12021): Found 2 design units, including 1 entities, in source file /home/vsadvani/CprE381/Project 2/cpre381-toolflow_hw/proj/src/MIPS_pc.vhd
    Info (12022): Found design unit 1: MIPS_pc-structural File: /home/vsadvani/CprE381/Project 2/cpre381-toolflow_hw/proj/src/MIPS_pc.vhd Line: 29
    Info (12023): Found entity 1: MIPS_pc File: /home/vsadvani/CprE381/Project 2/cpre381-toolflow_hw/proj/src/MIPS_pc.vhd Line: 19
Info (12021): Found 2 design units, including 1 entities, in source file /home/vsadvani/CprE381/Project 2/cpre381-toolflow_hw/proj/src/MIPS_pc_dffg.vhd
    Info (12022): Found design unit 1: MIPS_pc_dffg-mixed File: /home/vsadvani/CprE381/Project 2/cpre381-toolflow_hw/proj/src/MIPS_pc_dffg.vhd Line: 33
    Info (12023): Found entity 1: MIPS_pc_dffg File: /home/vsadvani/CprE381/Project 2/cpre381-toolflow_hw/proj/src/MIPS_pc_dffg.vhd Line: 23
Info (12021): Found 2 design units, including 0 entities, in source file /home/vsadvani/CprE381/Project 2/cpre381-toolflow_hw/proj/src/MIPS_types.vhd
    Info (12022): Found design unit 1: MIPS_types File: /home/vsadvani/CprE381/Project 2/cpre381-toolflow_hw/proj/src/MIPS_types.vhd Line: 15
    Info (12022): Found design unit 2: MIPS_types-body File: /home/vsadvani/CprE381/Project 2/cpre381-toolflow_hw/proj/src/MIPS_types.vhd Line: 32
Info (12021): Found 2 design units, including 1 entities, in source file /home/vsadvani/CprE381/Project 2/cpre381-toolflow_hw/proj/src/TopLevel/MIPS_Processor.vhd
    Info (12022): Found design unit 1: MIPS_processor-structure File: /home/vsadvani/CprE381/Project 2/cpre381-toolflow_hw/proj/src/TopLevel/MIPS_Processor.vhd Line: 31
    Info (12023): Found entity 1: MIPS_processor File: /home/vsadvani/CprE381/Project 2/cpre381-toolflow_hw/proj/src/TopLevel/MIPS_Processor.vhd Line: 20
Info (12021): Found 2 design units, including 1 entities, in source file /home/vsadvani/CprE381/Project 2/cpre381-toolflow_hw/proj/src/TopLevel/mem.vhd
    Info (12022): Found design unit 1: mem-rtl File: /home/vsadvani/CprE381/Project 2/cpre381-toolflow_hw/proj/src/TopLevel/mem.vhd Line: 27
    Info (12023): Found entity 1: mem File: /home/vsadvani/CprE381/Project 2/cpre381-toolflow_hw/proj/src/TopLevel/mem.vhd Line: 8
Info (12021): Found 2 design units, including 1 entities, in source file /home/vsadvani/CprE381/Project 2/cpre381-toolflow_hw/proj/src/addersubtractor.vhd
    Info (12022): Found design unit 1: addersubtractor-structural File: /home/vsadvani/CprE381/Project 2/cpre381-toolflow_hw/proj/src/addersubtractor.vhd Line: 28
    Info (12023): Found entity 1: addersubtractor File: /home/vsadvani/CprE381/Project 2/cpre381-toolflow_hw/proj/src/addersubtractor.vhd Line: 18
Info (12021): Found 2 design units, including 1 entities, in source file /home/vsadvani/CprE381/Project 2/cpre381-toolflow_hw/proj/src/alu.vhd
    Info (12022): Found design unit 1: alu-mixed File: /home/vsadvani/CprE381/Project 2/cpre381-toolflow_hw/proj/src/alu.vhd Line: 31
    Info (12023): Found entity 1: alu File: /home/vsadvani/CprE381/Project 2/cpre381-toolflow_hw/proj/src/alu.vhd Line: 19
Info (12021): Found 2 design units, including 1 entities, in source file /home/vsadvani/CprE381/Project 2/cpre381-toolflow_hw/proj/src/alu_addersubtractor.vhd
    Info (12022): Found design unit 1: alu_addersubtractor-structural File: /home/vsadvani/CprE381/Project 2/cpre381-toolflow_hw/proj/src/alu_addersubtractor.vhd Line: 29
    Info (12023): Found entity 1: alu_addersubtractor File: /home/vsadvani/CprE381/Project 2/cpre381-toolflow_hw/proj/src/alu_addersubtractor.vhd Line: 18
Info (12021): Found 2 design units, including 1 entities, in source file /home/vsadvani/CprE381/Project 2/cpre381-toolflow_hw/proj/src/andg2.vhd
    Info (12022): Found design unit 1: andg2-dataflow File: /home/vsadvani/CprE381/Project 2/cpre381-toolflow_hw/proj/src/andg2.vhd Line: 31
    Info (12023): Found entity 1: andg2 File: /home/vsadvani/CprE381/Project 2/cpre381-toolflow_hw/proj/src/andg2.vhd Line: 23
Info (12021): Found 2 design units, including 1 entities, in source file /home/vsadvani/CprE381/Project 2/cpre381-toolflow_hw/proj/src/barrel_shifter.vhd
    Info (12022): Found design unit 1: barrel_shifter-structural File: /home/vsadvani/CprE381/Project 2/cpre381-toolflow_hw/proj/src/barrel_shifter.vhd Line: 30
    Info (12023): Found entity 1: barrel_shifter File: /home/vsadvani/CprE381/Project 2/cpre381-toolflow_hw/proj/src/barrel_shifter.vhd Line: 21
Info (12021): Found 2 design units, including 1 entities, in source file /home/vsadvani/CprE381/Project 2/cpre381-toolflow_hw/proj/src/beq_bne.vhd
    Info (12022): Found design unit 1: beq_bne-structural File: /home/vsadvani/CprE381/Project 2/cpre381-toolflow_hw/proj/src/beq_bne.vhd Line: 26
    Info (12023): Found entity 1: beq_bne File: /home/vsadvani/CprE381/Project 2/cpre381-toolflow_hw/proj/src/beq_bne.vhd Line: 19
Info (12021): Found 2 design units, including 1 entities, in source file /home/vsadvani/CprE381/Project 2/cpre381-toolflow_hw/proj/src/bs.vhd
    Info (12022): Found design unit 1: bs-structural File: /home/vsadvani/CprE381/Project 2/cpre381-toolflow_hw/proj/src/bs.vhd Line: 30
    Info (12023): Found entity 1: bs File: /home/vsadvani/CprE381/Project 2/cpre381-toolflow_hw/proj/src/bs.vhd Line: 21
Info (12021): Found 2 design units, including 1 entities, in source file /home/vsadvani/CprE381/Project 2/cpre381-toolflow_hw/proj/src/control_unit.vhd
    Info (12022): Found design unit 1: control_unit-dataflow File: /home/vsadvani/CprE381/Project 2/cpre381-toolflow_hw/proj/src/control_unit.vhd Line: 26
    Info (12023): Found entity 1: control_unit File: /home/vsadvani/CprE381/Project 2/cpre381-toolflow_hw/proj/src/control_unit.vhd Line: 19
Info (12021): Found 2 design units, including 1 entities, in source file /home/vsadvani/CprE381/Project 2/cpre381-toolflow_hw/proj/src/decoder5t32.vhd
    Info (12022): Found design unit 1: decoder5t32-behavior File: /home/vsadvani/CprE381/Project 2/cpre381-toolflow_hw/proj/src/decoder5t32.vhd Line: 28
    Info (12023): Found entity 1: decoder5t32 File: /home/vsadvani/CprE381/Project 2/cpre381-toolflow_hw/proj/src/decoder5t32.vhd Line: 22
Info (12021): Found 2 design units, including 1 entities, in source file /home/vsadvani/CprE381/Project 2/cpre381-toolflow_hw/proj/src/dffg.vhd
    Info (12022): Found design unit 1: dffg-mixed File: /home/vsadvani/CprE381/Project 2/cpre381-toolflow_hw/proj/src/dffg.vhd Line: 33
    Info (12023): Found entity 1: dffg File: /home/vsadvani/CprE381/Project 2/cpre381-toolflow_hw/proj/src/dffg.vhd Line: 23
Info (12021): Found 2 design units, including 1 entities, in source file /home/vsadvani/CprE381/Project 2/cpre381-toolflow_hw/proj/src/dffg_N.vhd
    Info (12022): Found design unit 1: dffg_N-structural File: /home/vsadvani/CprE381/Project 2/cpre381-toolflow_hw/proj/src/dffg_N.vhd Line: 29
    Info (12023): Found entity 1: dffg_N File: /home/vsadvani/CprE381/Project 2/cpre381-toolflow_hw/proj/src/dffg_N.vhd Line: 19
Info (12021): Found 2 design units, including 1 entities, in source file /home/vsadvani/CprE381/Project 2/cpre381-toolflow_hw/proj/src/extender.vhd
    Info (12022): Found design unit 1: extender-behavior File: /home/vsadvani/CprE381/Project 2/cpre381-toolflow_hw/proj/src/extender.vhd Line: 29
    Info (12023): Found entity 1: extender File: /home/vsadvani/CprE381/Project 2/cpre381-toolflow_hw/proj/src/extender.vhd Line: 22
Info (12021): Found 2 design units, including 1 entities, in source file /home/vsadvani/CprE381/Project 2/cpre381-toolflow_hw/proj/src/forwarding_unit.vhd
    Info (12022): Found design unit 1: forwarding_unit-mixed File: /home/vsadvani/CprE381/Project 2/cpre381-toolflow_hw/proj/src/forwarding_unit.vhd Line: 29
    Info (12023): Found entity 1: forwarding_unit File: /home/vsadvani/CprE381/Project 2/cpre381-toolflow_hw/proj/src/forwarding_unit.vhd Line: 19
Info (12021): Found 2 design units, including 1 entities, in source file /home/vsadvani/CprE381/Project 2/cpre381-toolflow_hw/proj/src/fullAdder.vhd
    Info (12022): Found design unit 1: fullAdder-structural File: /home/vsadvani/CprE381/Project 2/cpre381-toolflow_hw/proj/src/fullAdder.vhd Line: 28
    Info (12023): Found entity 1: fullAdder File: /home/vsadvani/CprE381/Project 2/cpre381-toolflow_hw/proj/src/fullAdder.vhd Line: 18
Info (12021): Found 2 design units, including 1 entities, in source file /home/vsadvani/CprE381/Project 2/cpre381-toolflow_hw/proj/src/hazard_detector.vhd
    Info (12022): Found design unit 1: hazard_detector-mixed File: /home/vsadvani/CprE381/Project 2/cpre381-toolflow_hw/proj/src/hazard_detector.vhd Line: 40
    Info (12023): Found entity 1: hazard_detector File: /home/vsadvani/CprE381/Project 2/cpre381-toolflow_hw/proj/src/hazard_detector.vhd Line: 19
Info (12021): Found 2 design units, including 1 entities, in source file /home/vsadvani/CprE381/Project 2/cpre381-toolflow_hw/proj/src/invg.vhd
    Info (12022): Found design unit 1: invg-dataflow File: /home/vsadvani/CprE381/Project 2/cpre381-toolflow_hw/proj/src/invg.vhd Line: 30
    Info (12023): Found entity 1: invg File: /home/vsadvani/CprE381/Project 2/cpre381-toolflow_hw/proj/src/invg.vhd Line: 23
Info (12021): Found 2 design units, including 1 entities, in source file /home/vsadvani/CprE381/Project 2/cpre381-toolflow_hw/proj/src/mux2t1.vhd
    Info (12022): Found design unit 1: mux2t1-structural File: /home/vsadvani/CprE381/Project 2/cpre381-toolflow_hw/proj/src/mux2t1.vhd Line: 26
    Info (12023): Found entity 1: mux2t1 File: /home/vsadvani/CprE381/Project 2/cpre381-toolflow_hw/proj/src/mux2t1.vhd Line: 19
Info (12021): Found 2 design units, including 1 entities, in source file /home/vsadvani/CprE381/Project 2/cpre381-toolflow_hw/proj/src/mux2t1_N.vhd
    Info (12022): Found design unit 1: mux2t1_N-structural File: /home/vsadvani/CprE381/Project 2/cpre381-toolflow_hw/proj/src/mux2t1_N.vhd Line: 30
    Info (12023): Found entity 1: mux2t1_N File: /home/vsadvani/CprE381/Project 2/cpre381-toolflow_hw/proj/src/mux2t1_N.vhd Line: 21
Info (12021): Found 2 design units, including 1 entities, in source file /home/vsadvani/CprE381/Project 2/cpre381-toolflow_hw/proj/src/mux32t1.vhd
    Info (12022): Found design unit 1: mux32t1-behavior File: /home/vsadvani/CprE381/Project 2/cpre381-toolflow_hw/proj/src/mux32t1.vhd Line: 18
    Info (12023): Found entity 1: mux32t1 File: /home/vsadvani/CprE381/Project 2/cpre381-toolflow_hw/proj/src/mux32t1.vhd Line: 11
Info (12021): Found 2 design units, including 1 entities, in source file /home/vsadvani/CprE381/Project 2/cpre381-toolflow_hw/proj/src/onesComp.vhd
    Info (12022): Found design unit 1: onesComp-structural File: /home/vsadvani/CprE381/Project 2/cpre381-toolflow_hw/proj/src/onesComp.vhd Line: 25
    Info (12023): Found entity 1: onesComp File: /home/vsadvani/CprE381/Project 2/cpre381-toolflow_hw/proj/src/onesComp.vhd Line: 18
Info (12021): Found 2 design units, including 1 entities, in source file /home/vsadvani/CprE381/Project 2/cpre381-toolflow_hw/proj/src/org2.vhd
    Info (12022): Found design unit 1: org2-dataflow File: /home/vsadvani/CprE381/Project 2/cpre381-toolflow_hw/proj/src/org2.vhd Line: 31
    Info (12023): Found entity 1: org2 File: /home/vsadvani/CprE381/Project 2/cpre381-toolflow_hw/proj/src/org2.vhd Line: 23
Info (12021): Found 2 design units, including 1 entities, in source file /home/vsadvani/CprE381/Project 2/cpre381-toolflow_hw/proj/src/regfile.vhd
    Info (12022): Found design unit 1: regfile-structural File: /home/vsadvani/CprE381/Project 2/cpre381-toolflow_hw/proj/src/regfile.vhd Line: 23
    Info (12023): Found entity 1: regfile File: /home/vsadvani/CprE381/Project 2/cpre381-toolflow_hw/proj/src/regfile.vhd Line: 10
Info (12021): Found 2 design units, including 1 entities, in source file /home/vsadvani/CprE381/Project 2/cpre381-toolflow_hw/proj/src/xorg2.vhd
    Info (12022): Found design unit 1: xorg2-dataflow File: /home/vsadvani/CprE381/Project 2/cpre381-toolflow_hw/proj/src/xorg2.vhd Line: 31
    Info (12023): Found entity 1: xorg2 File: /home/vsadvani/CprE381/Project 2/cpre381-toolflow_hw/proj/src/xorg2.vhd Line: 23
Info (12127): Elaborating entity "MIPS_Processor" for the top level hierarchy
Warning (10036): Verilog HDL or VHDL warning at MIPS_Processor.vhd(50): object "s_Halt" assigned a value but never read File: /home/vsadvani/CprE381/Project 2/cpre381-toolflow_hw/proj/src/TopLevel/MIPS_Processor.vhd Line: 50
Warning (10036): Verilog HDL or VHDL warning at MIPS_Processor.vhd(53): object "s_Ovfl" assigned a value but never read File: /home/vsadvani/CprE381/Project 2/cpre381-toolflow_hw/proj/src/TopLevel/MIPS_Processor.vhd Line: 53
Warning (10036): Verilog HDL or VHDL warning at MIPS_Processor.vhd(114): object "s_RegDst_EX" assigned a value but never read File: /home/vsadvani/CprE381/Project 2/cpre381-toolflow_hw/proj/src/TopLevel/MIPS_Processor.vhd Line: 114
Warning (10036): Verilog HDL or VHDL warning at MIPS_Processor.vhd(145): object "s1" assigned a value but never read File: /home/vsadvani/CprE381/Project 2/cpre381-toolflow_hw/proj/src/TopLevel/MIPS_Processor.vhd Line: 145
Warning (10036): Verilog HDL or VHDL warning at MIPS_Processor.vhd(145): object "s2" assigned a value but never read File: /home/vsadvani/CprE381/Project 2/cpre381-toolflow_hw/proj/src/TopLevel/MIPS_Processor.vhd Line: 145
Info (12128): Elaborating entity "MIPS_pc" for hierarchy "MIPS_pc:pcReg" File: /home/vsadvani/CprE381/Project 2/cpre381-toolflow_hw/proj/src/TopLevel/MIPS_Processor.vhd Line: 381
Warning (10540): VHDL Signal Declaration warning at MIPS_pc.vhd(39): used explicit default value for signal "s_RST_data" because signal was never assigned a value File: /home/vsadvani/CprE381/Project 2/cpre381-toolflow_hw/proj/src/MIPS_pc.vhd Line: 39
Info (12128): Elaborating entity "MIPS_pc_dffg" for hierarchy "MIPS_pc:pcReg|MIPS_pc_dffg:\G_NBit_DFFG:0:ONESCOMPI" File: /home/vsadvani/CprE381/Project 2/cpre381-toolflow_hw/proj/src/MIPS_pc.vhd Line: 45
Warning (10492): VHDL Process Statement warning at MIPS_pc_dffg.vhd(51): signal "i_RST_data" is read inside the Process Statement but isn't in the Process Statement's sensitivity list File: /home/vsadvani/CprE381/Project 2/cpre381-toolflow_hw/proj/src/MIPS_pc_dffg.vhd Line: 51
Info (12128): Elaborating entity "mem" for hierarchy "mem:IMem" File: /home/vsadvani/CprE381/Project 2/cpre381-toolflow_hw/proj/src/TopLevel/MIPS_Processor.vhd Line: 387
Info (12128): Elaborating entity "addersubtractor" for hierarchy "addersubtractor:addFour" File: /home/vsadvani/CprE381/Project 2/cpre381-toolflow_hw/proj/src/TopLevel/MIPS_Processor.vhd Line: 396
Info (12128): Elaborating entity "onesComp" for hierarchy "addersubtractor:addFour|onesComp:inverter" File: /home/vsadvani/CprE381/Project 2/cpre381-toolflow_hw/proj/src/addersubtractor.vhd Line: 55
Info (12128): Elaborating entity "invg" for hierarchy "addersubtractor:addFour|onesComp:inverter|invg:\G_OnesComp:0:idk" File: /home/vsadvani/CprE381/Project 2/cpre381-toolflow_hw/proj/src/onesComp.vhd Line: 35
Info (12128): Elaborating entity "mux2t1_N" for hierarchy "addersubtractor:addFour|mux2t1_N:addsubctrl" File: /home/vsadvani/CprE381/Project 2/cpre381-toolflow_hw/proj/src/addersubtractor.vhd Line: 59
Info (12128): Elaborating entity "mux2t1" for hierarchy "addersubtractor:addFour|mux2t1_N:addsubctrl|mux2t1:\G_NBit_MUX:0:MUXI" File: /home/vsadvani/CprE381/Project 2/cpre381-toolflow_hw/proj/src/mux2t1_N.vhd Line: 43
Info (12128): Elaborating entity "andg2" for hierarchy "addersubtractor:addFour|mux2t1_N:addsubctrl|mux2t1:\G_NBit_MUX:0:MUXI|andg2:x2" File: /home/vsadvani/CprE381/Project 2/cpre381-toolflow_hw/proj/src/mux2t1.vhd Line: 54
Info (12128): Elaborating entity "org2" for hierarchy "addersubtractor:addFour|mux2t1_N:addsubctrl|mux2t1:\G_NBit_MUX:0:MUXI|org2:x4" File: /home/vsadvani/CprE381/Project 2/cpre381-toolflow_hw/proj/src/mux2t1.vhd Line: 64
Info (12128): Elaborating entity "fullAdder" for hierarchy "addersubtractor:addFour|fullAdder:\G_fullAdder:0:fullAdderlist" File: /home/vsadvani/CprE381/Project 2/cpre381-toolflow_hw/proj/src/addersubtractor.vhd Line: 67
Info (12128): Elaborating entity "xorg2" for hierarchy "addersubtractor:addFour|fullAdder:\G_fullAdder:0:fullAdderlist|xorg2:xor1" File: /home/vsadvani/CprE381/Project 2/cpre381-toolflow_hw/proj/src/fullAdder.vhd Line: 51
Info (12128): Elaborating entity "hazard_detector" for hierarchy "hazard_detector:hazardDetection" File: /home/vsadvani/CprE381/Project 2/cpre381-toolflow_hw/proj/src/TopLevel/MIPS_Processor.vhd Line: 404
Info (12128): Elaborating entity "IF_ID_reg" for hierarchy "IF_ID_reg:IF_ID" File: /home/vsadvani/CprE381/Project 2/cpre381-toolflow_hw/proj/src/TopLevel/MIPS_Processor.vhd Line: 439
Info (12128): Elaborating entity "dffg_N" for hierarchy "IF_ID_reg:IF_ID|dffg_N:x1" File: /home/vsadvani/CprE381/Project 2/cpre381-toolflow_hw/proj/src/IF_ID_reg.vhd Line: 42
Info (12128): Elaborating entity "dffg" for hierarchy "IF_ID_reg:IF_ID|dffg_N:x1|dffg:\G_NBit_DFFG:0:ONESCOMPI" File: /home/vsadvani/CprE381/Project 2/cpre381-toolflow_hw/proj/src/dffg_N.vhd Line: 43
Info (12128): Elaborating entity "control_unit" for hierarchy "control_unit:control" File: /home/vsadvani/CprE381/Project 2/cpre381-toolflow_hw/proj/src/TopLevel/MIPS_Processor.vhd Line: 458
Info (12128): Elaborating entity "forwarding_unit" for hierarchy "forwarding_unit:forward" File: /home/vsadvani/CprE381/Project 2/cpre381-toolflow_hw/proj/src/TopLevel/MIPS_Processor.vhd Line: 470
Warning (10492): VHDL Process Statement warning at forwarding_unit.vhd(33): signal "i_writeEnable" is read inside the Process Statement but isn't in the Process Statement's sensitivity list File: /home/vsadvani/CprE381/Project 2/cpre381-toolflow_hw/proj/src/forwarding_unit.vhd Line: 33
Warning (10492): VHDL Process Statement warning at forwarding_unit.vhd(38): signal "i_writeEnable" is read inside the Process Statement but isn't in the Process Statement's sensitivity list File: /home/vsadvani/CprE381/Project 2/cpre381-toolflow_hw/proj/src/forwarding_unit.vhd Line: 38
Info (12128): Elaborating entity "regfile" for hierarchy "regfile:registers" File: /home/vsadvani/CprE381/Project 2/cpre381-toolflow_hw/proj/src/TopLevel/MIPS_Processor.vhd Line: 479
Info (12128): Elaborating entity "decoder5t32" for hierarchy "regfile:registers|decoder5t32:writeDecoder" File: /home/vsadvani/CprE381/Project 2/cpre381-toolflow_hw/proj/src/regfile.vhd Line: 49
Info (12128): Elaborating entity "dffg_N" for hierarchy "regfile:registers|dffg_N:REG0" File: /home/vsadvani/CprE381/Project 2/cpre381-toolflow_hw/proj/src/regfile.vhd Line: 52
Info (12128): Elaborating entity "mux32t1" for hierarchy "regfile:registers|mux32t1:Read1" File: /home/vsadvani/CprE381/Project 2/cpre381-toolflow_hw/proj/src/regfile.vhd Line: 75
Info (12128): Elaborating entity "extender" for hierarchy "extender:signExtender" File: /home/vsadvani/CprE381/Project 2/cpre381-toolflow_hw/proj/src/TopLevel/MIPS_Processor.vhd Line: 506
Info (12128): Elaborating entity "mux2t1_N" for hierarchy "mux2t1_N:jalAddr" File: /home/vsadvani/CprE381/Project 2/cpre381-toolflow_hw/proj/src/TopLevel/MIPS_Processor.vhd Line: 511
Info (12128): Elaborating entity "ID_EX_reg" for hierarchy "ID_EX_reg:ID_EX" File: /home/vsadvani/CprE381/Project 2/cpre381-toolflow_hw/proj/src/TopLevel/MIPS_Processor.vhd Line: 525
Info (12128): Elaborating entity "dffg_N" for hierarchy "ID_EX_reg:ID_EX|dffg_N:x6" File: /home/vsadvani/CprE381/Project 2/cpre381-toolflow_hw/proj/src/ID_EX_reg.vhd Line: 114
Info (12128): Elaborating entity "dffg_N" for hierarchy "ID_EX_reg:ID_EX|dffg_N:x7" File: /home/vsadvani/CprE381/Project 2/cpre381-toolflow_hw/proj/src/ID_EX_reg.vhd Line: 123
Info (12128): Elaborating entity "alu" for hierarchy "alu:mainALU" File: /home/vsadvani/CprE381/Project 2/cpre381-toolflow_hw/proj/src/TopLevel/MIPS_Processor.vhd Line: 594
Info (12128): Elaborating entity "barrel_shifter" for hierarchy "alu:mainALU|barrel_shifter:shifter" File: /home/vsadvani/CprE381/Project 2/cpre381-toolflow_hw/proj/src/alu.vhd Line: 77
Info (12128): Elaborating entity "beq_bne" for hierarchy "alu:mainALU|beq_bne:beq_bne_block" File: /home/vsadvani/CprE381/Project 2/cpre381-toolflow_hw/proj/src/alu.vhd Line: 84
Info (12128): Elaborating entity "alu_addersubtractor" for hierarchy "alu:mainALU|alu_addersubtractor:addsub" File: /home/vsadvani/CprE381/Project 2/cpre381-toolflow_hw/proj/src/alu.vhd Line: 89
Info (12128): Elaborating entity "EX_MEM_reg" for hierarchy "EX_MEM_reg:EX_MEM" File: /home/vsadvani/CprE381/Project 2/cpre381-toolflow_hw/proj/src/TopLevel/MIPS_Processor.vhd Line: 627
Info (12128): Elaborating entity "MEM_WB_reg" for hierarchy "MEM_WB_reg:MEM_WB" File: /home/vsadvani/CprE381/Project 2/cpre381-toolflow_hw/proj/src/TopLevel/MIPS_Processor.vhd Line: 689
Info (276014): Found 1 instances of uninferred RAM logic
    Info (276007): RAM logic "mem:IMem|ram" is uninferred due to asynchronous read logic File: /home/vsadvani/CprE381/Project 2/cpre381-toolflow_hw/proj/src/TopLevel/mem.vhd Line: 35
Info (19000): Inferred 1 megafunctions from design logic
    Info (276029): Inferred altsyncram megafunction from the following design logic: "mem:DMem|ram_rtl_0" 
        Info (286033): Parameter OPERATION_MODE set to SINGLE_PORT
        Info (286033): Parameter WIDTH_A set to 32
        Info (286033): Parameter WIDTHAD_A set to 10
        Info (286033): Parameter NUMWORDS_A set to 1024
        Info (286033): Parameter OUTDATA_REG_A set to UNREGISTERED
        Info (286033): Parameter ADDRESS_ACLR_A set to NONE
        Info (286033): Parameter OUTDATA_ACLR_A set to NONE
        Info (286033): Parameter READ_DURING_WRITE_MODE_PORT_A set to OLD_DATA
        Info (286033): Parameter INDATA_ACLR_A set to NONE
        Info (286033): Parameter WRCONTROL_ACLR_A set to NONE
Info (12130): Elaborated megafunction instantiation "mem:DMem|altsyncram:ram_rtl_0"
Info (12133): Instantiated megafunction "mem:DMem|altsyncram:ram_rtl_0" with the following parameter:
    Info (12134): Parameter "OPERATION_MODE" = "SINGLE_PORT"
    Info (12134): Parameter "WIDTH_A" = "32"
    Info (12134): Parameter "WIDTHAD_A" = "10"
    Info (12134): Parameter "NUMWORDS_A" = "1024"
    Info (12134): Parameter "OUTDATA_REG_A" = "UNREGISTERED"
    Info (12134): Parameter "ADDRESS_ACLR_A" = "NONE"
    Info (12134): Parameter "OUTDATA_ACLR_A" = "NONE"
    Info (12134): Parameter "READ_DURING_WRITE_MODE_PORT_A" = "OLD_DATA"
    Info (12134): Parameter "INDATA_ACLR_A" = "NONE"
    Info (12134): Parameter "WRCONTROL_ACLR_A" = "NONE"
Info (12021): Found 1 design units, including 1 entities, in source file db/altsyncram_eg81.tdf
    Info (12023): Found entity 1: altsyncram_eg81 File: /home/vsadvani/CprE381/Project 2/cpre381-toolflow_hw/internal/QuartusWork/db/altsyncram_eg81.tdf Line: 28
Info (13000): Registers with preset signals will power-up high File: /home/vsadvani/CprE381/Project 2/cpre381-toolflow_hw/proj/src/MIPS_pc_dffg.vhd Line: 50
Info (13003): DEV_CLRn pin will set, and not reset, register with preset signal due to NOT Gate Push-Back
Info (286030): Timing-Driven Synthesis is running
Info (16010): Generating hard_block partition "hard_block:auto_generated_inst"
    Info (16011): Adding 0 node(s), including 0 DDIO, 0 PLL, 0 transceiver and 0 LCELL
Info (21057): Implemented 59498 device resources after synthesis - the final resource count might be different
    Info (21058): Implemented 67 input pins
    Info (21059): Implemented 32 output pins
    Info (21061): Implemented 59367 logic cells
    Info (21064): Implemented 32 RAM segments
Info: Quartus Prime Analysis & Synthesis was successful. 0 errors, 10 warnings
    Info: Peak virtual memory: 831 megabytes
    Info: Processing ended: Fri Dec  9 17:57:07 2022
    Info: Elapsed time: 00:01:41
    Info: Total CPU time (on all processors): 00:01:40
Info: *******************************************************************
Info: Running Quartus Prime Fitter
    Info: Version 21.1.1 Build 850 06/23/2022 SJ Standard Edition
    Info: Copyright (C) 2022  Intel Corporation. All rights reserved.
    Info: Your use of Intel Corporation's design tools, logic functions 
    Info: and other software and tools, and any partner logic 
    Info: functions, and any output files from any of the foregoing 
    Info: (including device programming or simulation files), and any 
    Info: associated documentation or information are expressly subject 
    Info: to the terms and conditions of the Intel Program License 
    Info: Subscription Agreement, the Intel Quartus Prime License Agreement,
    Info: the Intel FPGA IP License Agreement, or other applicable license
    Info: agreement, including, without limitation, that your use is for
    Info: the sole purpose of programming logic devices manufactured by
    Info: Intel and sold by Intel or its authorized distributors.  Please
    Info: refer to the applicable agreement for further details, at
    Info: https://fpgasoftware.intel.com/eula.
    Info: Processing started: Fri Dec  9 17:57:08 2022
Info: Command: quartus_fit --read_settings_files=on --write_settings_files=off toolflow -c toolflow
Info: qfit2_default_script.tcl version: #1
Info: Project  = toolflow
Info: Revision = toolflow
Warning (18236): Number of processors has not been specified which may cause overloading on shared machines.  Set the global assignment NUM_PARALLEL_PROCESSORS in your QSF to an appropriate value for best performance.
Info (20030): Parallel compilation is enabled and will use 4 of the 4 processors detected
Info (119006): Selected device EP4CE115F29C7 for design "toolflow"
Info (21076): High junction temperature operating condition is not set. Assuming a default value of '85'.
Info (21076): Low junction temperature operating condition is not set. Assuming a default value of '0'.
Info (171003): Fitter is performing an Auto Fit compilation, which may decrease Fitter effort to reduce compilation time
Info (176444): Device migration not selected. If you intend to use device migration later, you may need to change the pin assignments as they may be incompatible with other devices
    Info (176445): Device EP4CE40F29C7 is compatible
    Info (176445): Device EP4CE40F29I7 is compatible
    Info (176445): Device EP4CE30F29C7 is compatible
    Info (176445): Device EP4CE30F29I7 is compatible
    Info (176445): Device EP4CE55F29C7 is compatible
    Info (176445): Device EP4CE55F29I7 is compatible
    Info (176445): Device EP4CE75F29C7 is compatible
    Info (176445): Device EP4CE75F29I7 is compatible
    Info (176445): Device EP4CE115F29I7 is compatible
Info (169124): Fitter converted 5 user pins into dedicated programming pins
    Info (169125): Pin ~ALTERA_ASDO_DATA1~ is reserved at location F4
    Info (169125): Pin ~ALTERA_FLASH_nCE_nCSO~ is reserved at location E2
    Info (169125): Pin ~ALTERA_DCLK~ is reserved at location P3
    Info (169125): Pin ~ALTERA_DATA0~ is reserved at location N7
    Info (169125): Pin ~ALTERA_nCEO~ is reserved at location P28
Warning (15714): Some pins have incomplete I/O assignments. Refer to the I/O Assignment Warnings report for details
Info (176045): Design uses memory blocks. Violating setup or hold times of memory block address registers for either read or write operations could cause memory contents to be corrupted. Make sure that all memory block address registers meet the setup and hold time requirements.
Critical Warning (169085): No exact pin location assignment(s) for 99 pins of 99 total pins. For the list of pins please refer to the I/O Assignment Warnings table in the fitter report.
Info (332104): Reading SDC File: 'toolflow.sdc'
Info (332129): Detected timing requirements -- optimizing circuit to achieve only the specified requirements
Info (332111): Found 1 clocks
    Info (332111):   Period   Clock Name
    Info (332111): ======== ============
    Info (332111):   20.000         iCLK
Info (176353): Automatically promoted node iCLK~input (placed in PIN J1 (CLK1, DIFFCLK_0n)) File: /home/vsadvani/CprE381/Project 2/cpre381-toolflow_hw/proj/src/TopLevel/MIPS_Processor.vhd Line: 22
    Info (176355): Automatically promoted destinations to use location or clock signal Global Clock CLKCTRL_G2
Info (176353): Automatically promoted node iRST~input (placed in PIN Y2 (CLK2, DIFFCLK_1p)) File: /home/vsadvani/CprE381/Project 2/cpre381-toolflow_hw/proj/src/TopLevel/MIPS_Processor.vhd Line: 23
    Info (176355): Automatically promoted destinations to use location or clock signal Global Clock CLKCTRL_G4
Info (176233): Starting register packing
Info (176235): Finished register packing
    Extra Info (176219): No registers were packed into other blocks
Info (176214): Statistics of I/O pins that need to be placed that use the same VCCIO and VREF, before I/O pin placement
    Info (176211): Number of I/O pins in group: 97 (unused VREF, 2.5V VCCIO, 65 input, 32 output, 0 bidirectional)
        Info (176212): I/O standards used: 2.5 V.
Info (176215): I/O bank details before I/O pin placement
    Info (176214): Statistics of I/O banks
        Info (176213): I/O bank number 1 does not use VREF pins and has undetermined VCCIO pins. 5 total pin(s) used --  51 pins available
        Info (176213): I/O bank number 2 does not use VREF pins and has undetermined VCCIO pins. 1 total pin(s) used --  62 pins available
        Info (176213): I/O bank number 3 does not use VREF pins and has undetermined VCCIO pins. 0 total pin(s) used --  73 pins available
        Info (176213): I/O bank number 4 does not use VREF pins and has undetermined VCCIO pins. 0 total pin(s) used --  71 pins available
        Info (176213): I/O bank number 5 does not use VREF pins and has undetermined VCCIO pins. 0 total pin(s) used --  65 pins available
        Info (176213): I/O bank number 6 does not use VREF pins and has undetermined VCCIO pins. 1 total pin(s) used --  57 pins available
        Info (176213): I/O bank number 7 does not use VREF pins and has undetermined VCCIO pins. 0 total pin(s) used --  72 pins available
        Info (176213): I/O bank number 8 does not use VREF pins and has undetermined VCCIO pins. 0 total pin(s) used --  71 pins available
Info (171121): Fitter preparation operations ending: elapsed time is 00:01:02
Info (14896): Fitter has disabled Advanced Physical Optimization because it is not supported for the current family.
Info (170189): Fitter placement preparation operations beginning
Info (170190): Fitter placement preparation operations ending: elapsed time is 00:00:18
Info (170191): Fitter placement operations beginning
Info (170137): Fitter placement was successful
Info (170192): Fitter placement operations ending: elapsed time is 00:02:02
Info (170193): Fitter routing operations beginning
Info (170195): Router estimated average interconnect usage is 17% of the available device resources
    Info (170196): Router estimated peak interconnect usage is 42% of the available device resources in the region that extends from location X46_Y37 to location X57_Y48
Info (170199): The Fitter performed an Auto Fit compilation.  Optimizations were skipped to reduce compilation time.
    Info (170201): Optimizations that may affect the design's routability were skipped
    Info (170200): Optimizations that may affect the design's timing were skipped
Info (170194): Fitter routing operations ending: elapsed time is 00:01:57
Info (11888): Total time spent on timing analysis during the Fitter is 25.54 seconds.
Info (334003): Started post-fitting delay annotation
Info (334004): Delay annotation completed successfully
Info (334003): Started post-fitting delay annotation
Info (334004): Delay annotation completed successfully
Info (11218): Fitter post-fit operations ending: elapsed time is 00:00:22
Info (144001): Generated suppressed messages file /home/vsadvani/CprE381/Project 2/cpre381-toolflow_hw/internal/QuartusWork/output_files/toolflow.fit.smsg
Info: Quartus Prime Fitter was successful. 0 errors, 3 warnings
    Info: Peak virtual memory: 1868 megabytes
    Info: Processing ended: Fri Dec  9 18:03:37 2022
    Info: Elapsed time: 00:06:29
    Info: Total CPU time (on all processors): 00:10:45
Info: *******************************************************************
Info: Running Quartus Prime Assembler
    Info: Version 21.1.1 Build 850 06/23/2022 SJ Standard Edition
    Info: Copyright (C) 2022  Intel Corporation. All rights reserved.
    Info: Your use of Intel Corporation's design tools, logic functions 
    Info: and other software and tools, and any partner logic 
    Info: functions, and any output files from any of the foregoing 
    Info: (including device programming or simulation files), and any 
    Info: associated documentation or information are expressly subject 
    Info: to the terms and conditions of the Intel Program License 
    Info: Subscription Agreement, the Intel Quartus Prime License Agreement,
    Info: the Intel FPGA IP License Agreement, or other applicable license
    Info: agreement, including, without limitation, that your use is for
    Info: the sole purpose of programming logic devices manufactured by
    Info: Intel and sold by Intel or its authorized distributors.  Please
    Info: refer to the applicable agreement for further details, at
    Info: https://fpgasoftware.intel.com/eula.
    Info: Processing started: Fri Dec  9 18:03:38 2022
Info: Command: quartus_asm --read_settings_files=on --write_settings_files=off toolflow -c toolflow
Warning (18236): Number of processors has not been specified which may cause overloading on shared machines.  Set the global assignment NUM_PARALLEL_PROCESSORS in your QSF to an appropriate value for best performance.
Info (115031): Writing out detailed assembly data for power analysis
Info (115030): Assembler is generating device programming files
Info: Quartus Prime Assembler was successful. 0 errors, 1 warning
    Info: Peak virtual memory: 639 megabytes
    Info: Processing ended: Fri Dec  9 18:03:45 2022
    Info: Elapsed time: 00:00:07
    Info: Total CPU time (on all processors): 00:00:07
